<?xml version="1.0" encoding="UTF-8"?>
<testng-results skipped="0" failed="0" ignored="0" total="1" passed="1">
  <reporter-output>
  </reporter-output>
  <suite name="Default suite" duration-ms="625" started-at="2020-02-11T09:47:41Z" finished-at="2020-02-11T09:47:41Z">
    <groups>
    </groups>
    <test name="Default test" duration-ms="625" started-at="2020-02-11T09:47:41Z" finished-at="2020-02-11T09:47:41Z">
      <class name="StepDef.Parameter">
        <test-method status="PASS" signature="f()[pri:0, instance:StepDef.Parameter@77caeb3e]" name="f" duration-ms="609" started-at="2020-02-11T09:47:41Z" finished-at="2020-02-11T09:47:41Z">
          <reporter-output>
          </reporter-output>
        </test-method> <!-- f -->
      </class> <!-- StepDef.Parameter -->
    </test> <!-- Default test -->
  </suite> <!-- Default suite -->
</testng-results>
